<?xml version="1.0" encoding="UTF-8"?>
<!-- Generated by org.testng.reporters.JUnitReportReporter -->
<testsuite hostname="Tejas" failures="0" tests="1" name="com.absoloop.testCases.TC_002_LoginTest" time="3.544" errors="0" timestamp="2025-03-15T12:17:26 IST" skipped="0">
  <testcase classname="com.absoloop.testCases.TC_002_LoginTest" name="test_Login" time="3.544"/>
</testsuite> <!-- com.absoloop.testCases.TC_002_LoginTest -->
