<?xml version="1.0" encoding="UTF-8"?>
<!-- Generated by org.testng.reporters.JUnitReportReporter -->
<testsuite hostname="Tejas" failures="0" tests="1" name="com.absoloop.testCases.TC_001_AccountRegistrationtTest" time="9.952" errors="0" timestamp="2025-03-15T11:32:45 IST" skipped="0">
  <testcase classname="com.absoloop.testCases.TC_001_AccountRegistrationtTest" name="test_account_Registration" time="9.952"/>
</testsuite> <!-- com.absoloop.testCases.TC_001_AccountRegistrationtTest -->
