<?xml version="1.0" encoding="UTF-8"?>
<!-- Generated by org.testng.reporters.JUnitReportReporter -->
<testsuite hostname="Tejas" failures="0" tests="1" name="com.absoloop.testCases.TC001_AccountRegistrationTest" time="4.669" errors="0" timestamp="2025-03-02T15:21:36 IST" skipped="0">
  <testcase classname="com.absoloop.testCases.TC001_AccountRegistrationTest" name="verify_account_registration" time="4.669"/>
</testsuite> <!-- com.absoloop.testCases.TC001_AccountRegistrationTest -->
